  
  
      ####################################################################
      ##****************************************************************##
      ##**++++++++++++++++++++++++++++++++++++++++++++++++++++++++++++**##
      ##**++   GGGGGG     RRRRRR        A      PPPPPPP     EEEEEE   ++**##
      ##**++  G      G   R      R      A A     P      P   E         ++**##
      ##**++  G          R       R    A   A    P       P  E         ++**##
      ##**++  G  GGGGGG  R  RRRR     A     A   PPPPPPPP   EEEEEEE   ++**##
      ##**++  G     G G  R   R       AAAAAAA   P          E         ++**##
      ##**++  G     G G  R    R     A       A  P          E         ++**##
      ##**++   GGGGG  G  R      RR  A       A  P          EEEEEEEE  ++**##
      ##**++                                                        ++**##
      ##**++  GRAce-based generator for Proton-Electron collisions  ++**##
      ##**++                                                        ++**##
      ##**++               GRAPE-Dilepton_version1.1                ++**##
      ##**++                     ^^^^^^^^                           ++**##
      ##**++                      Mar. 14 2000                      ++**##
      ##**++   Comments/bug-report to Tetsuo ABE(tabe@post.kek.jp)  ++**##
      ##**++                                    (abe@mail.desy.de)  ++**##
      ##**++++++++++++++++++++++++++++++++++++++++++++++++++++++++++++**##
      ##****************************************************************##
      ####################################################################
  
                <<<<<<< This is an EVENT-GENERATION step. >>>>>>>               
  
  
 ======> Start of reading control_cards(Read_Cards)
  
1           USER'S DIRECTIVES TO RUN THIS JOB
            ----------------------------------


 ***** DATA CARD CONTENT     LIST                                                                            
 ***** DATA CARD CONTENT     NCALL   1400000                                                                 
 ***** DATA CARD CONTENT     C ======================================================================        
 ***** DATA CARD CONTENT     C << Polarization of the Lepton Beam >>                                         
 ***** DATA CARD CONTENT     C            (1)    (2)    (3)                                                  
 ***** DATA CARD CONTENT     EPOL         -0.7    0.     0.                                                  
 ***** DATA CARD CONTENT     C ======================================================================        
 ***** DATA CARD CONTENT     C << Process in the Proton Vertex >>   (1:elastic, 2:quasi-elastic, 3:DIS)      
 ***** DATA CARD CONTENT     PROCESS       3                                                                 
 ***** DATA CARD CONTENT     C ======================================================================        
 ***** DATA CARD CONTENT     C << Produced Lepton-pair >>   (1:di-e, 2:di-mu, 3:di-tau)                      
 ***** DATA CARD CONTENT     LPAIR         2                                                                 
 ***** DATA CARD CONTENT     C ======================================================================        
 ***** DATA CARD CONTENT     C << Scattered Quark in DIS >>                                                  
 ***** DATA CARD CONTENT     C   (1:u, 2:u-bar, 3:d, 4:d-bar, 5:s, 6:s-bar, 7:c, ... , 12:t-bar)             
 ***** DATA CARD CONTENT     QFLV          1                                                                 
 ***** DATA CARD CONTENT     MERGE    123456                                                                 
 ***** DATA CARD CONTENT     C ======================================================================        
 ***** DATA CARD CONTENT     C << PDF set in DIS >>   (See PDFLIB manual.)                                   
 ***** DATA CARD CONTENT     NGROUP        5                                                                 
 ***** DATA CARD CONTENT     NSET          5                                                                 
 ***** DATA CARD CONTENT     C ======================================================================        
 ***** DATA CARD CONTENT     C ######################################################################        
 ***** DATA CARD CONTENT     C ======================================================================        
 ***** DATA CARD CONTENT     C << Electroweak Dilepton Production >>                                         
 ***** DATA CARD CONTENT     GRASEL        2                                                                 
 ***** DATA CARD CONTENT     C ======================================================================        
 ***** DATA CARD CONTENT     C ######################################################################        
 ***** DATA CARD CONTENT     C ======================================================================        
 ***** DATA CARD CONTENT     C << Mass Range for the Hadronic System >>  (only for quasi-elastic and DIS)    
 ***** DATA CARD CONTENT     MHAD          5.   300.                                                         
 ***** DATA CARD CONTENT     C ------------                                                                  
 ***** DATA CARD CONTENT     C << Q2 Range for the Proton Vertex >>                                          
 ***** DATA CARD CONTENT     Q2P           1.     1.E20                                                      
 ***** DATA CARD CONTENT     C ------------                                                                  
 ***** DATA CARD CONTENT     C << Cuts for each Final-state Particle >>                                      
 ***** DATA CARD CONTENT     C           <p/q>  <e+->  <l-+>  <l+->                                          
 ***** DATA CARD CONTENT     THMIN        10.     0.     0.     0.                                           
 ***** DATA CARD CONTENT     THMAX       180.   180.   180.   180.                                           
 ***** DATA CARD CONTENT     EMIN          0.     0.     0.     0.                                           
 ***** DATA CARD CONTENT     EMAX          1.E20  1.E20  1.E20  1.E20                                        
 ***** DATA CARD CONTENT     PMIN          0.     0.     0.     0.                                           
 ***** DATA CARD CONTENT     PMAX          1.E20  1.E20  1.E20  1.E20                                        
 ***** DATA CARD CONTENT     PTMIN        15.     0.     0.     0.                                           
 ***** DATA CARD CONTENT     PTMAX         1.E20  1.E20  1.E20  1.E20                                        
 ***** DATA CARD CONTENT     C ------------                                                                  
 ***** DATA CARD CONTENT     C << Mass cuts >>                                                               
 ***** DATA CARD CONTENT     MASSLL        4.     1.E20                                                      
 ***** DATA CARD CONTENT                   0.     1.E20                                                      
 ***** DATA CARD CONTENT     C ------------                                                                  
 ***** DATA CARD CONTENT     C << Cuts for One or Some of the Final-state Particles >>                       
 ***** DATA CARD CONTENT     IVISI         2                                                                 
 ***** DATA CARD CONTENT     C           <p/q>  <e+->  <l-+>  <l+->                                          
 ***** DATA CARD CONTENT     THEVMIN       0.     5.    20.    20.                                           
 ***** DATA CARD CONTENT     THEVMAX       0.   175.   160.   160.                                           
 ***** DATA CARD CONTENT     EVMIN         0.     0.     0.     0.                                           
 ***** DATA CARD CONTENT     EVMAX         0.     1.E20  1.E20  1.E20                                        
 ***** DATA CARD CONTENT     PTVMIN        0.     5.     3.     3.                                           
 ***** DATA CARD CONTENT     PTVMAX        0.     1.E20  1.E20  1.E20                                        
 ***** DATA CARD CONTENT     C ======================================================================        
 ***** DATA CARD CONTENT     STOP                                                                            
  
 ========> End of reading control_cards(Read_Cards)
  
  
 ---> DIS process
        (Scattering of e and u quark) 
 ---> Muon-pair production 
  
 ---> jgra_sel  =         2
 ---> jgra_flag =      4352          0          0          0          0
                          0          0          0          0          0
  
 Suppressing decay of the following particles in PYTHIA,
   K_S0       eta        Lambda0    Sigma+     Sigma0     Sigma-     Xi0       
   Xi-        Omega-     D+         D0         D_s+       Lambda_c+  mu-       
   tau-       pi+        K+         K_L0       pi0       
  
 Loading bases.rz...
    ---> BASE1 : finished
    ---> BASE3 : finished
    ---> BASE4 : finished
    ---> BASE5 : finished
    ---> RANDM : finished
    ---> PLOTH : finished
    ---> PLOTB : finished
    ---> BSRSLT: finished
  
 >>> Graph selection
 jselg =
   1 :  0
   2 :  0
   3 :  0
   4 :  0
   5 :  0
   6 :  0
   7 :  0
   8 :  0
   9 :  1
   10 :  0
   11 :  0
   12 :  0
   13 :  1
   14 :  0
   15 :  0
   16 :  0
   17 :  0
   18 :  0
   19 :  0
   20 :  0
   21 :  0
   22 :  0
   23 :  0
   24 :  0
   25 :  0
  
  
 ========> Start of Kinematics Initialization
  
 ********** Information (in Lab. frame) **********
                               (in unit of GeV)
   P of electrons    =    27.5200
   P of protons      =    820.000
   Mass of electron  =    5.10999E-04
   Mass of proton    =   0.938272
   sqrt(S)           =    300.444
   P of CMS          =    792.480
   E of CMS          =    847.521
   gamma of CMS      =    2.82089
   beta*gamma of CMS =    2.63770
 ***********************************************
  
  << Mass range for the hadronic system >> 
       Min. =    5.00000 GeV
       Max. =    300.000 GeV
  
 ------> PDFLIB Initialization started
  
  *****  PDFLIB Version:   7.09  Released on   970702  at   16.05 
  in the CERN Computer Program Library  W5051  *****
  *****  Library compiled on  970702 at  16.05  *****

  Parm =    Nptype   Ngroup   Nset  
  Val  =    1.0000   5.0000   5.0000

  Nptype = 1  Ngroup = 5  Nset =  5  Name  = "GRV94-LO"  CrMode =  -1
  Nfl    = -5,  LO = 1,  Tmas =  180.00 GeV/c**2
  QCDL4  =  0.2000 GeV,  QCDL5 =  0.1530 GeV
  Xmin   =  0.10E-05,  Xmax = 0.99999E+00,  Q2min =   0.400 (GeV/c)**2,  Q2max = 0.10E+07 (GeV/c)**2
  
 ------> PDFLIB Initialization finished
  
 ------> ISR for incoming lepton  using Structure Function method 
  
    itag,isym,i34 =  0  0  3
    Ireso56,Ireso456 =  -1  -1
  
 ========> End of Kinematics Initialization
  
 >>> e+ beam
  
1                                                                              
 ******************************************************************************
 ******************************************************************************
 **                                                                          **
 **                                                                          **
 **              *......*                  Welcome to the Lund Monte Carlo!  **
 **         *:::!!:::::::::::*                                               **
 **      *::::::!!::::::::::::::*          PPP  Y   Y TTTTT H   H III   A    **
 **    *::::::::!!::::::::::::::::*        P  P  Y Y    T   H   H  I   A A   **
 **   *:::::::::!!:::::::::::::::::*       PPP    Y     T   HHHHH  I  AAAAA  **
 **   *:::::::::!!:::::::::::::::::*       P      Y     T   H   H  I  A   A  **
 **    *::::::::!!::::::::::::::::*!       P      Y     T   H   H III A   A  **
 **      *::::::!!::::::::::::::* !!                                         **
 **      !! *:::!!:::::::::::*    !!       This is PYTHIA version 6.115      **
 **      !!     !* -><- *         !!       Last date of change: 27 Jan 1998  **
 **      !!     !!                !!                                         **
 **      !!     !!                !!                                         **
 **      !!                       !!                                         **
 **      !!        ep             !!       Disclaimer: this program comes    **
 **      !!                       !!       without any guarantees. Beware    **
 **      !!                 pp    !!       of errors and use common sense    **
 **      !!   e+e-                !!       when interpreting results.        **
 **      !!                       !!                                         **
 **      !!                                Copyright T. Sjostrand (1997)     **
 **                                                                          **
 ** An archive of program versions and documentation is found on the web:    **
 ** http://www.thep.lu.se/tf2/staff/torbjorn/Pythia.html                     **
 **                                                                          **
 ** When you cite this program, currently the official reference is          **
 ** T. Sjostrand, Computer Physics Commun. 82 (1994) 74.                     **
 ** The supersymmetry extensions are described in                            **
 ** S. Mrenna, Computer Physics Commun. 101 (1997) 232                       **
 ** Also remember that the program, to a large extent, represents original   **
 ** physics research. Other publications of special relevance to your        **
 ** studies may therefore deserve separate mention.                          **
 **                                                                          **
 ** Main author: Torbjorn Sjostrand; Department of Theoretical Physics 2,    **
 **   Lund University, Solvegatan 14A, S-223 62 Lund, Sweden;                **
 **   phone: + 46 - 46 - 222 48 16; e-mail: torbjorn@thep.lu.se              **
 ** SUSY author: Stephen Mrenna, Argonne National Laboratory,                **
 **   9700 South Cass Avenue, Argonne, IL 60439, USA;                        **
 **   phone: + 1 - 630 - 252 - 7615; e-mail: mrenna@hep.anl.gov              **
 **                                                                          **
 **                                                                          **
 ******************************************************************************
 ******************************************************************************
1****************** PYINIT: initialization of PYTHIA routines *****************

 ==============================================================================
 I                                                                            I
 I    PYTHIA will be initialized for p+ on e+ user-specified configuration    I
 I                                                                            I
 I                  px (GeV/c)   py (GeV/c)   pz (GeV/c)      E (GeV)         I
 I        p+             0.000        0.000      820.000      820.001         I
 I        e+             0.000        0.000      -27.520       27.520         I
 I                                                                            I
 I           corresponding to    300.444 GeV center-of-mass energy            I
 I                                                                            I
 ==============================================================================

 ******** PYMAXI: summary of differential cross-section maximum search ********

           ==========================================================
           I                                      I                 I
           I  ISUB  Subprocess name               I  Maximum value  I
           I                                      I                 I
           ==========================================================
           I                                      I                 I
           I  308   e+ uu^dd^ss^ -> e+ q m+ m-    I    5.1962D-02   I
           I                                      I                 I
           ==========================================================

 ********************** PYINIT: initialization completed **********************
  
  
  
==========> START of SPRING at  1:21(13/ 4/ 0)
  
 Number of generated events =  100
  
  
  Nucleon PDFs :  Ngroup =   5,   Nset =   5
 ,  for GRV-94 Set LO Structure Functions
  ----------------------------------------------------------------------------------------------------------------



                            Event listing (summary)

    I particle/jet KS     KF  orig    p_x      p_y      p_z       E        m

    1 !p+!         21    2212    0    0.000    0.000  820.000  820.001    0.938
    2 !e+!         21     -11    0    0.000    0.000  -27.520   27.520    0.001
 ==============================================================================
    3 !u!          21       2    1   -0.270   -0.389  210.300  210.300    0.000
    4 !e+!         21     -11    2    0.000    0.000  -27.520   27.520    0.000
    5 !u!          21       2    3    0.244   -6.443  132.923  133.079    0.000
    6 !e+!         21     -11    4    0.000    0.000  -27.203   27.203    0.000
    7 !u!          21       2    0  -17.717   17.342  100.449  103.463    0.004
    8 !e+!         21     -11    0   -0.391    0.316  -12.786   12.796    0.001
    9 !mu-!        21      13    0   19.138  -29.147   17.058   38.818    0.106
   10 !mu+!        21     -13    0   -0.787    5.047    0.999    5.205    0.106
 ==============================================================================
   11 mu-           1      13    9   19.105  -29.096   17.028   38.750    0.106
   12 e+            1     -11    8   -0.387    0.313  -12.649   12.659    0.001
   13 mu+           1     -13   10    0.056    3.531    0.615    3.586    0.106
   14 gamma         1      22   10   -0.846    1.519    0.247    1.757    0.000
   15 gamma         1      22    2    0.000    0.000    0.000    0.000    0.000
   16 (u)       A  12       2    7  -12.731   11.911   64.360   66.680    0.004
   17 (g)       I  12      21    7   -4.952    5.380   36.118   36.851    0.000
   18 (g)       I  12      21    3    0.139    0.021    0.155    0.209    0.000
   19 (g)       I  12      21    3    0.261    0.157    0.898    0.948    0.000
   20 (g)       I  12      21    3    0.162    0.745    4.382    4.448    0.000
   21 (g)       I  12      21    3   -1.939    2.763   32.885   33.058    0.000
   22 (g)       I  12      21    3    0.322    0.529    2.683    2.753    0.000
   23 (g)       I  12      21    3   -0.154    1.010   21.103   21.127    0.000
   24 (g)       I  12      21    3    0.696    0.828   14.955   14.994    0.000
   25 (ud_0)    V  11    2101    1    0.270    0.389  609.700  609.701    0.579
 ==============================================================================
   26 (string)     11      92   16  -17.927   23.733  787.239  790.769   68.448
   27 pi+           1     211   26   -1.055    1.193    5.966    6.176    0.140
   28 (rho-)       11    -213   26   -5.300    4.574   26.036   26.973    0.809
   29 (rho+)       11     213   26   -6.386    7.009   40.276   41.381    0.530
   30 pi0           1     111   26   -0.603    1.756    5.338    5.654    0.135
   31 (rho-)       11    -213   26   -2.036    1.209    9.240    9.549    0.452
   32 pi+           1     211   26   -1.346    1.172   15.113   15.219    0.140
   33 (omega)      11     223   26   -1.091    1.127    6.746    6.968    0.766
   34 (rho0)       11     113   26   -0.554    1.801   12.890   13.046    0.692
   35 (K*0)        11     313   26   -0.722    1.494   23.913   23.988    0.910
   36 (phi)        11     333   26    0.233    1.340   19.474   19.548    1.020
   37 (K*-)        11    -323   26    0.509    0.442  152.212  152.216    0.880
   38 pi+           1     211   26    0.279    0.259    9.900    9.908    0.140
   39 (rho-)       11    -213   26   -0.340    0.045   59.235   59.243    0.871
   40 p+            1    2212   26    0.485    0.313  400.899  400.901    0.938
   41 pi-           1    -211   28   -0.341    0.539    2.409    2.496    0.140
   42 pi0           1     111   28   -4.959    4.035   23.627   24.477    0.135
   43 pi+           1     211   29   -3.223    3.264   18.896   19.445    0.140
   44 pi0           1     111   29   -3.163    3.745   21.380   21.935    0.135
   45 pi-           1    -211   31   -1.402    0.643    6.104    6.297    0.140
   46 pi0           1     111   31   -0.634    0.565    3.136    3.252    0.135
   47 pi-           1    -211   33   -0.363    0.126    2.277    2.313    0.140
   48 pi+           1     211   33   -0.272    0.312    1.107    1.190    0.140
   49 pi0           1     111   33   -0.455    0.689    3.362    3.465    0.135
   50 pi+           1     211   34   -0.165    0.237    3.719    3.733    0.140
   51 pi-           1    -211   34   -0.389    1.564    9.171    9.313    0.140
   52 K+            1     321   35   -0.196    1.044   16.341   16.383    0.494
   53 pi-           1    -211   35   -0.526    0.449    7.572    7.605    0.140
   54 K_L0          1     130   36    0.023    0.553    8.190    8.224    0.498
   55 K_S0          1     310   36    0.210    0.786   11.284   11.324    0.498
   56 (Kbar0)      11    -311   37    0.032    0.115   74.229   74.231    0.498
   57 pi-           1    -211   37    0.477    0.327   77.983   77.985    0.140
   58 pi-           1    -211   39    0.212    0.153   31.353   31.354    0.140
   59 pi0           1     111   39   -0.552   -0.107   27.882   27.888    0.135
   60 K_S0          1     310   56    0.032    0.115   74.229   74.231    0.498
 ==============================================================================
                   sum:  2.00         0.000    0.000  792.480  847.521  300.444



                            Event listing (summary)

    I particle/jet KS     KF  orig    p_x      p_y      p_z       E        m

    1 !p+!         21    2212    0    0.000    0.000  820.000  820.001    0.938
    2 !e+!         21     -11    0    0.000    0.000  -27.520   27.520    0.001
 ==============================================================================
    3 !u!          21       2    1   -0.082    0.655  359.614  359.615    0.000
    4 !e+!         21     -11    2    0.000    0.000  -27.519   27.519    0.000
    5 !u!          21       2    3   -0.082    0.655  359.614  359.615    0.000
    6 !e+!         21     -11    4    0.000    0.000  -27.519   27.519    0.000
    7 !u!          21       2    0   24.144   32.637  220.129  223.841    0.004
    8 !e+!         21     -11    0   -0.012   -0.105  -19.905   19.905    0.001
    9 !mu-!        21      13    0    5.327    4.201    5.651    8.830    0.106
   10 !mu+!        21     -13    0  -29.542  -36.078  126.220  134.558    0.106
 ==============================================================================
   11 e+            1     -11    8   -0.012   -0.105  -19.905   19.905    0.001
   12 mu+           1     -13   10  -29.542  -36.078  126.220  134.558    0.106
   13 mu-           1      13    9    2.012    3.447    2.301    4.608    0.106
   14 gamma         1      22    9    3.831    1.516    8.976    9.877    0.000
   15 gamma         1      22    2    0.000    0.000    0.000    0.000    0.000
   16 (u)       A  12       2    7   17.796   22.992  157.598  160.257    0.004
   17 (g)       I  12      21    7    5.445    7.372   45.451   46.365    0.000
   18 (g)       I  12      21    7    0.379    0.942    7.541    7.609    0.000
   19 (g)       I  12      21    7    0.008    0.570    3.913    3.954    0.000
   20 (ud_0)    V  11    2101    1    0.082   -0.655  460.386  460.386    0.579
 ==============================================================================
   21 (string)     11      92   16   23.710   31.220  674.888  678.572   58.735
   22 (rho+)       11     213   21   15.409   19.690  131.437  133.796    0.786
   23 (rho-)       11    -213   21    4.528    6.522   46.102   46.787    0.757
   24 pi0           1     111   21    2.621    4.192   26.727   27.181    0.135
   25 (rho+)       11     213   21    1.012    0.598    9.635    9.735    0.749
   26 n0            1    2112   21   -0.114    0.234    8.219    8.276    0.940
   27 (omega)      11     223   21    0.110    0.166   23.434   23.448    0.787
   28 pbar-         1   -2212   21   -0.021    0.026   95.779   95.783    0.938
   29 n0            1    2112   21    0.283    0.382   68.221   68.229    0.940
   30 (rho+)       11     213   21   -0.119   -0.590  265.334  265.336    0.769
   31 pi+           1     211   22   14.598   18.579  123.572  125.811    0.140
   32 pi0           1     111   22    0.811    1.111    7.864    7.985    0.135
   33 pi-           1    -211   23    3.009    4.822   33.726   34.202    0.140
   34 pi0           1     111   23    1.519    1.700   12.376   12.585    0.135
   35 pi+           1     211   25    0.876    0.642    9.094    9.159    0.140
   36 pi0           1     111   25    0.136   -0.044    0.541    0.576    0.135
   37 pi+           1     211   27   -0.129   -0.036    2.980    2.986    0.140
   38 pi-           1    -211   27    0.226    0.080    5.802    5.808    0.140
   39 pi0           1     111   27    0.012    0.122   14.653   14.654    0.135
   40 pi+           1     211   30   -0.268   -0.328   65.196   65.197    0.140
   41 pi0           1     111   30    0.149   -0.262  200.139  200.139    0.135
 ==============================================================================
                   sum:  2.00         0.000    0.000  792.480  847.521  300.444



                            Event listing (summary)

    I particle/jet KS     KF  orig    p_x      p_y      p_z       E        m

    1 !p+!         21    2212    0    0.000    0.000  820.000  820.001    0.938
    2 !e+!         21     -11    0    0.000    0.000  -27.520   27.520    0.001
 ==============================================================================
    3 !d!          21       1    1    0.211    0.274   84.610   84.611    0.000
    4 !e+!         21     -11    2    0.000    0.000  -27.519   27.519    0.000
    5 !d!          21       1    3    0.211    0.274   84.610   84.611    0.000
    6 !e+!         21     -11    4    0.000    0.000  -27.519   27.519    0.000
    7 !d!          21       1    0   12.130   25.152   69.129   74.556    0.004
    8 !e+!         21     -11    0    0.007    0.017   -6.741    6.741    0.001
    9 !mu-!        21      13    0   -5.435   -6.482    3.822    9.284    0.106
   10 !mu+!        21     -13    0   -6.491  -18.413   -9.121   21.549    0.106
 ==============================================================================
   11 e+            1     -11    8    0.007    0.017   -6.741    6.741    0.001
   12 mu-           1      13    9   -5.435   -6.482    3.822    9.284    0.106
   13 mu+           1     -13   10   -6.317  -17.919   -8.876   20.971    0.106
   14 gamma         1      22    2    0.000    0.000    0.000    0.000    0.000
   15 (d)       A  12       1    7   10.212   21.450   48.585   54.082    0.004
   16 (g)       I  12      21    7    1.930    2.890    7.710    8.457    0.000
   17 (g)       I  12      21    7   -0.186    0.319   12.590   12.595    0.000
   18 (uu_1)    V  11    2203    1   -0.211   -0.274  735.390  735.390    0.771
 ==============================================================================
   19 (string)     11      92   15   11.745   24.385  804.274  810.525   96.748
   20 pi-           1    -211   19    3.009    6.276   14.187   15.802    0.140
   21 (rho+)       11     213   19    4.900    9.197   21.349   23.770    0.799
   22 pi0           1     111   19    2.550    6.219   14.443   15.931    0.135
   23 pi0           1     111   19    1.255    2.233    5.911    6.443    0.135
   24 pi-           1    -211   19    0.072   -0.212    0.403    0.482    0.140
   25 pi0           1     111   19   -0.102    0.499    1.627    1.710    0.135
   26 (omega)      11     223   19   -0.151    0.094   15.996   16.017    0.783
   27 (rho0)       11     113   19    0.390   -0.207  308.969  308.970    0.651
   28 eta           1     221   19    0.038    0.117  101.572  101.574    0.547
   29 (rho0)       11     113   19   -0.350    0.116  150.635  150.638    0.785
   30 (Delta++)    11    2224   19    0.134    0.053  169.182  169.188    1.331
   31 pi+           1     211   21    4.328    8.079   19.235   21.308    0.140
   32 pi0           1     111   21    0.572    1.118    2.114    2.462    0.135
   33 pi+           1     211   26   -0.040   -0.120    2.110    2.118    0.140
   34 pi-           1    -211   26    0.131   -0.022    3.425    3.431    0.140
   35 pi0           1     111   26   -0.242    0.236   10.462   10.468    0.135
   36 pi-           1    -211   27    0.512   -0.047  188.405  188.406    0.140
   37 pi+           1     211   27   -0.122   -0.160  120.564  120.564    0.140
   38 pi+           1     211   29    0.207   -0.076   45.687   45.688    0.140
   39 pi-           1    -211   29   -0.557    0.192  104.948  104.950    0.140
   40 p+            1    2212   30    0.119   -0.271  128.178  128.182    0.938
   41 pi+           1     211   30    0.015    0.324   41.004   41.006    0.140
 ==============================================================================
                   sum:  2.00         0.000    0.000  792.480  847.521  300.444



                            Event listing (summary)

    I particle/jet KS     KF  orig    p_x      p_y      p_z       E        m

    1 !p+!         21    2212    0    0.000    0.000  820.000  820.001    0.938
    2 !e+!         21     -11    0    0.000    0.000  -27.520   27.520    0.001
 ==============================================================================
    3 !u!          21       2    1    0.056   -0.407   68.607   68.608    0.000
    4 !e+!         21     -11    2    0.000    0.000  -27.519   27.519    0.000
    5 !u!          21       2    3   -0.290    1.130   39.028   39.046    0.000
    6 !e+!         21     -11    4    0.000    0.000  -27.490   27.490    0.000
    7 !u!          21       2    0    6.918  -12.448   30.760   33.897    0.004
    8 !e+!         21     -11    0    0.000    0.001   -6.033    6.033    0.001
    9 !mu-!        21      13    0   -2.356    3.461    4.187    5.922    0.106
   10 !mu+!        21     -13    0   -4.851   10.117  -17.376   20.684    0.106
 ==============================================================================
   11 e+            1     -11    8    0.000    0.001   -6.033    6.033    0.001
   12 mu-           1      13    9   -2.356    3.461    4.187    5.922    0.106
   13 mu+           1     -13   10   -4.846   10.107  -17.358   20.662    0.106
   14 gamma         1      22    2    0.000    0.000    0.000    0.000    0.000
   15 (u)       A  12       2    7    6.140  -11.487   26.936   29.920    0.004
   16 (g)       I  12      21    7    0.773   -0.951    3.805    3.998    0.000
   17 (g)       I  12      21    3    0.346   -1.538   29.550   29.592    0.000
   18 (ud_1)    V  11    2103    1   -0.056    0.407  751.392  751.393    0.771
 ==============================================================================
   19 (string)     11      92   15    7.202  -13.568  811.684  814.903   70.707
   20 (rho+)       11     213   19    5.710   -9.747   22.570   25.250    0.754
   21 pi-           1    -211   19    0.433   -1.231    7.558    7.671    0.140
   22 (rho0)       11     113   19    0.218   -0.339    1.668    1.763    0.408
   23 pi+           1     211   19    0.114   -0.662    2.130    2.238    0.140
   24 pi-           1    -211   19    0.024   -0.256    7.695    7.701    0.140
   25 pi+           1     211   19   -0.063   -0.930    2.969    3.115    0.140
   26 pi-           1    -211   19    0.843   -0.231   16.181   16.206    0.140
   27 (rho+)       11     213   19   -0.333    0.062   14.842   14.872    0.888
   28 (K0)         11     311   19    0.418   -0.334   64.652   64.656    0.498
   29 (K*-)        11    -323   19    0.012   -0.134   68.336   68.342    0.863
   30 pi+           1     211   19   -0.123   -0.132   33.318   33.319    0.140
   31 (Delta-)     11    1114   19   -0.582    0.257  255.715  255.718    1.185
   32 (rho+)       11     213   19    0.532    0.109  314.050  314.052    0.753
   33 pi+           1     211   20    2.479   -4.524   11.013   12.162    0.140
   34 pi0           1     111   20    3.231   -5.223   11.557   13.088    0.135
   35 pi-           1    -211   22    0.059    0.022    0.375    0.405    0.140
   36 pi+           1     211   22    0.159   -0.360    1.293    1.359    0.140
   37 pi+           1     211   27   -0.332    0.064   14.501   14.506    0.140
   38 pi0           1     111   27   -0.001   -0.002    0.341    0.367    0.135
   39 K_S0          1     310   28    0.418   -0.334   64.652   64.656    0.498
   40 (Kbar0)      11    -311   29   -0.029   -0.352   45.943   45.947    0.498
   41 pi-           1    -211   29    0.041    0.218   22.393   22.395    0.140
   42 n0            1    2112   31   -0.413    0.027  194.178  194.181    0.940
   43 pi-           1    -211   31   -0.169    0.230   61.537   61.538    0.140
   44 pi+           1     211   32   -0.073    0.027   17.901   17.902    0.140
   45 pi0           1     111   32    0.605    0.082  296.149  296.150    0.135
   46 K_S0          1     310   40   -0.029   -0.352   45.943   45.947    0.498
 ==============================================================================
                   sum:  2.00         0.000    0.000  792.480  847.521  300.444



                            Event listing (summary)

    I particle/jet KS     KF  orig    p_x      p_y      p_z       E        m

    1 !p+!         21    2212    0    0.000    0.000  820.000  820.001    0.938
    2 !e+!         21     -11    0    0.000    0.000  -27.520   27.520    0.001
 ==============================================================================
    3 !u!          21       2    1   -0.138    0.226   69.682   69.682    0.000
    4 !e+!         21     -11    2    0.000    0.000  -27.520   27.520    0.000
    5 !u!          21       2    3   -0.138    0.226   69.682   69.682    0.000
    6 !e+!         21     -11    4    0.000    0.000  -27.520   27.520    0.000
    7 !u!          21       2    0  -17.984   -3.643   53.195   56.271    0.004
    8 !e+!         21     -11    0    0.177   -0.124  -13.014   13.016    0.001
    9 !mu-!        21      13    0   20.795   -2.183    1.165   20.942    0.106
   10 !mu+!        21     -13    0   -3.127    6.177    0.817    6.972    0.106
 ==============================================================================
   11 e+            1     -11    8    0.177   -0.124  -13.014   13.016    0.001
   12 mu+           1     -13   10   -3.127    6.177    0.817    6.972    0.106
   13 mu-           1      13    9   20.770   -2.181    1.163   20.917    0.106
   14 gamma         1      22    2    0.000    0.000    0.000    0.000    0.000
   15 (u)       A  12       2    7  -15.515   -3.509   47.630   50.216    0.004
   16 (g)       I  12      21    7   -2.443   -0.138    5.567    6.081    0.000
   17 (ud_1)    V  11    2103    1    0.138   -0.226  750.318  750.319    0.771
 ==============================================================================
   18 (string)     11      92   15  -17.820   -3.872  803.514  806.615   68.263
   19 (rho+)       11     213   18   -2.845   -0.572    8.150    8.673    0.620
   20 pi0           1     111   18   -4.187   -0.441   11.989   12.707    0.135
   21 (rho-)       11    -213   18   -3.764   -0.996   12.421   13.040    0.778
   22 (rho+)       11     213   18   -3.793   -1.402   14.063   14.655    0.793
   23 pi-           1    -211   18   -0.893    0.397    1.861    2.107    0.140
   24 (K*+)        11     323   18   -2.140   -0.669   12.477   12.706    0.858
   25 (Kbar0)      11    -311   18    0.207    0.111    6.048    6.073    0.498
   26 (K0)         11     311   18    0.041   -0.069    2.818    2.863    0.498
   27 (Kbar0)      11    -311   18   -0.598   -0.085    4.075    4.149    0.498
   28 pi0           1     111   18   -0.148   -0.110    1.933    1.947    0.135
   29 (K0)         11     311   18    0.259   -0.211   15.009   15.021    0.498
   30 K-            1    -321   18   -0.060   -0.100   44.834   44.837    0.494
   31 (Delta+)     11    2214   18    0.101    0.275  667.836  667.837    1.163
   32 pi+           1     211   19   -1.439   -0.572    4.249    4.524    0.140
   33 pi0           1     111   19   -1.407    0.000    3.901    4.149    0.135
   34 pi-           1    -211   21   -2.498   -0.775    9.310    9.672    0.140
   35 pi0           1     111   21   -1.266   -0.221    3.110    3.368    0.135
   36 pi+           1     211   22   -1.519   -0.922    6.623    6.859    0.140
   37 pi0           1     111   22   -2.274   -0.480    7.440    7.796    0.135
   38 K+            1     321   24   -0.918   -0.477    6.570    6.669    0.494
   39 pi0           1     111   24   -1.221   -0.192    5.907    6.037    0.135
   40 K_S0          1     310   25    0.207    0.111    6.048    6.073    0.498
   41 K_S0          1     310   26    0.041   -0.069    2.818    2.863    0.498
   42 K_L0          1     130   27   -0.598   -0.085    4.075    4.149    0.498
   43 K_S0          1     310   29    0.259   -0.211   15.009   15.021    0.498
   44 n0            1    2112   31    0.100    0.323  490.649  490.650    0.940
   45 pi+           1     211   31    0.002   -0.048  177.187  177.187    0.140
 ==============================================================================
                   sum:  2.00         0.000    0.000  792.480  847.521  300.444



                            Event listing (summary)

    I particle/jet KS     KF  orig    p_x      p_y      p_z       E        m

    1 !p+!         21    2212    0    0.000    0.000  820.000  820.001    0.938
    2 !e+!         21     -11    0    0.000    0.000  -27.520   27.520    0.001
 ==============================================================================
    3 !u!          21       2    1    0.178    0.489   82.668   82.670    0.000
    4 !e+!         21     -11    2    0.000    0.000  -27.519   27.519    0.000
    5 !u!          21       2    3    0.178    0.489   82.668   82.670    0.000
    6 !e+!         21     -11    4    0.000    0.000  -27.519   27.519    0.000
    7 !u!          21       2    0   13.905   15.389   59.098   62.632    0.004
    8 !e+!         21     -11    0   -0.076   -0.257  -14.305   14.308    0.001
    9 !mu-!        21      13    0   -9.702  -20.369   12.722   25.901    0.106
   10 !mu+!        21     -13    0   -3.950    5.725   -2.366    7.348    0.106
 ==============================================================================
   11 e+            1     -11    8   -0.076   -0.257  -14.305   14.308    0.001
   12 mu-           1      13    9   -9.702  -20.369   12.722   25.901    0.106
   13 mu+           1     -13   10   -3.950    5.725   -2.366    7.348    0.106
   14 gamma         1      22    2    0.000    0.000    0.000    0.000    0.000
   15 (u)       A  12       2    7   13.905   15.389   59.098   62.632    0.004
   16 (ud_0)    V  11    2101    1   -0.178   -0.489  737.331  737.332    0.579
 ==============================================================================
   17 (string)     11      92   15   13.728   14.901  796.429  799.964   72.331
   18 pi+           1     211   17   11.347   12.107   48.026   50.811    0.140
   19 (omega)      11     223   17    1.452    2.663    8.626    9.177    0.781
   20 (rho-)       11    -213   17    1.086    0.749    7.024    7.184    0.726
   21 (omega)      11     223   17   -0.149   -0.945   24.146   24.177    0.769
   22 (rho0)       11     113   17   -0.280    0.748  307.032  307.034    0.887
   23 (Delta0)     11    2114   17    0.571   -0.546  339.458  339.461    1.251
   24 pi+           1     211   17   -0.300    0.123   62.118   62.119    0.140
   25 pi-           1    -211   19    0.947    1.186    4.161    4.432    0.140
   26 pi+           1     211   19    0.331    0.947    3.202    3.358    0.140
   27 pi0           1     111   19    0.175    0.530    1.262    1.387    0.135
   28 pi-           1    -211   20    0.633    0.126    4.266    4.317    0.140
   29 pi0           1     111   20    0.453    0.623    2.757    2.866    0.135
   30 pi+           1     211   21    0.042   -0.199    7.852    7.856    0.140
   31 pi-           1    -211   21   -0.008   -0.309    3.173    3.191    0.140
   32 pi0           1     111   21   -0.183   -0.436   13.121   13.130    0.135
   33 pi+           1     211   22   -0.133    0.655  290.652  290.653    0.140
   34 pi-           1    -211   22   -0.147    0.093   16.380   16.382    0.140
   35 n0            1    2112   23    0.209   -0.257  232.558  232.560    0.940
   36 pi0           1     111   23    0.362   -0.289  106.900  106.901    0.135
 ==============================================================================
                   sum:  2.00         0.000    0.000  792.480  847.521  300.444



                            Event listing (summary)

    I particle/jet KS     KF  orig    p_x      p_y      p_z       E        m

    1 !p+!         21    2212    0    0.000    0.000  820.000  820.001    0.938
    2 !e+!         21     -11    0    0.000    0.000  -27.520   27.520    0.001
 ==============================================================================
    3 !u!          21       2    1    0.178    0.349   13.269   13.275    0.000
    4 !e+!         21     -11    2    0.000    0.000  -27.517   27.517    0.000
    5 !u!          21       2    3    0.178    0.349   13.269   13.275    0.000
    6 !e+!         21     -11    4    0.000    0.000  -27.517   27.517    0.000
    7 !u!          21       2    0   11.356  -11.839   -1.249   16.453    0.004
    8 !e+!         21     -11    0    0.000   -0.583   -3.300    3.351    0.001
    9 !mu-!        21      13    0   -1.268    6.703   -4.978    8.445    0.106
   10 !mu+!        21     -13    0   -9.911    6.068   -4.720   12.543    0.106
 ==============================================================================
   11 mu-           1      13    9   -1.268    6.703   -4.978    8.445    0.106
   12 mu+           1     -13   10   -9.911    6.068   -4.720   12.543    0.106
   13 e+            1     -11    8    0.000   -0.544   -3.078    3.125    0.001
   14 gamma         1      22    2    0.000    0.000    0.000    0.000    0.000
   15 (u)       A  12       2    7    3.596   -3.405   -1.202    5.096    0.004
   16 (g)       I  12      21    7    6.651   -7.439   -0.707   10.003    0.000
   17 (g)       I  12      21    7    1.109   -1.035    0.437    1.579    0.000
   18 (ud_0)    V  11    2101    1   -0.178   -0.349  806.728  806.728    0.579
 ==============================================================================
   19 (string)     11      92   15   11.178  -12.227  805.256  823.406  171.132
   20 pi0           1     111   19    3.275   -2.870   -0.801    4.430    0.135
   21 pi0           1     111   19    2.612   -2.386   -0.110    3.542    0.135
   22 (rho+)       11     213   19    1.096   -1.844   -0.581    2.343    0.741
   23 (K*0)        11     313   19    2.289   -2.820    0.407    3.768    0.917
   24 K-            1    -321   19    0.044    0.266    0.802    0.980    0.494
   25 pi+           1     211   19    1.407   -1.703   -0.153    2.219    0.140
   26 (rho0)       11     113   19    0.889   -0.685    2.681    2.967    0.597
   27 (eta')       11     331   19   -0.487    0.253   10.203   10.262    0.958
   28 pi0           1     111   19    0.196   -0.154    1.245    1.277    0.135
   29 pi-           1    -211   19    0.090    0.027    0.605    0.628    0.140
   30 pi+           1     211   19    0.068    0.352   15.524   15.529    0.140
   31 pi-           1    -211   19   -0.167    0.091   15.691   15.693    0.140
   32 pi+           1     211   19    0.392   -0.464   19.241   19.251    0.140
   33 pi-           1    -211   19   -0.098   -0.032   46.659   46.659    0.140
   34 (omega)      11     223   19   -0.786   -0.337   70.517   70.526    0.780
   35 (rho+)       11     213   19    0.409    0.407  127.200  127.202    0.426
   36 n0            1    2112   19   -0.403    0.259  179.686  179.689    0.940
   37 (rho0)       11     113   19    0.351   -0.587  316.440  316.442    0.792
   38 pi+           1     211   22    0.451   -0.646   -0.557    0.975    0.140
   39 pi0           1     111   22    0.645   -1.197   -0.023    1.367    0.135
   40 (K0)         11     311   23    1.708   -1.714    0.449    2.511    0.498
   41 pi0           1     111   23    0.581   -1.106   -0.042    1.257    0.135
   42 pi+           1     211   26    0.855   -0.679    2.528    2.757    0.140
   43 pi-           1    -211   26    0.034   -0.006    0.153    0.210    0.140
   44 pi-           1    -211   27    0.011    0.108    0.771    0.791    0.140
   45 pi+           1     211   27   -0.082    0.056    1.888    1.895    0.140
   46 eta           1     221   27   -0.416    0.089    7.544    7.576    0.547
   47 pi+           1     211   34   -0.087   -0.107   16.830   16.831    0.140
   48 pi-           1    -211   34   -0.144   -0.058   30.425   30.426    0.140
   49 pi0           1     111   34   -0.554   -0.172   23.262   23.269    0.135
   50 pi+           1     211   35    0.103    0.130   20.666   20.667    0.140
   51 pi0           1     111   35    0.306    0.277  106.534  106.535    0.135
   52 pi-           1    -211   37    0.568   -0.336  182.465  182.466    0.140
   53 pi+           1     211   37   -0.217   -0.251  133.975  133.976    0.140
   54 K_S0          1     310   40    1.708   -1.714    0.449    2.511    0.498
 ==============================================================================
                   sum:  2.00         0.000    0.000  792.480  847.521  300.444



                            Event listing (summary)

    I particle/jet KS     KF  orig    p_x      p_y      p_z       E        m

    1 !p+!         21    2212    0    0.000    0.000  820.000  820.001    0.938
    2 !e+!         21     -11    0    0.000    0.000  -27.520   27.520    0.001
 ==============================================================================
    3 !u!          21       2    1    0.336    0.193  154.433  154.433    0.000
    4 !e+!         21     -11    2    0.000    0.000  -27.520   27.520    0.000
    5 !u!          21       2    3    1.881   -1.150   67.345   67.381    0.000
    6 !e+!         21     -11    4    0.000    0.000  -27.490   27.490    0.000
    7 !u!          21       2    0    7.904  -15.368   60.117   62.551    0.004
    8 !e+!         21     -11    0   -1.065    1.073   -6.254    6.434    0.001
    9 !mu-!        21      13    0   -0.278   15.636   -7.094   17.173    0.106
   10 !mu+!        21     -13    0   -4.680   -2.491   -6.914    8.713    0.106
 ==============================================================================
   11 e+            1     -11    8   -1.065    1.073   -6.254    6.434    0.001
   12 mu+           1     -13   10   -4.680   -2.491   -6.914    8.713    0.106
   13 mu-           1      13    9   -0.277   15.598   -7.076   17.130    0.106
   14 gamma         1      22    2    0.000    0.000    0.000    0.000    0.000
   15 (u)       A  12       2    7    4.201   -6.261   27.316   28.337    0.004
   16 (g)       I  12      21    7    3.318   -8.575   31.690   32.997    0.000
   17 (g)       I  12      21    7    0.384   -0.494    1.093    1.260    0.000
   18 (g)       I  12      21    3   -1.546    1.344   87.057   87.082    0.000
   19 (ud_0)    V  11    2101    1   -0.336   -0.193  665.567  665.568    0.579
 ==============================================================================
   20 (string)     11      92   15    6.022  -14.179  812.724  815.243   62.158
   21 pi0           1     111   20    2.680   -5.196   20.848   21.652    0.135
   22 (rho+)       11     213   20    2.786   -4.861   21.480   22.208    0.670
   23 (rho-)       11    -213   20    1.221   -2.220    8.055    8.476    0.740
   24 p+            1    2212   20    0.027   -1.544    5.738    6.015    0.938
   25 pbar-         1   -2212   20    1.163   -1.531    8.797    9.053    0.938
   26 pi+           1     211   20   -0.882    0.827   40.901   40.919    0.140
   27 (K*0)        11     313   20   -0.681    0.017   64.868   64.879    0.954
   28 Lambda0       1    3122   20   -0.291    0.329  642.038  642.039    1.116
   29 pi+           1     211   22    1.850   -3.732   15.591   16.138    0.140
   30 pi0           1     111   22    0.936   -1.129    5.889    6.070    0.135
   31 pi-           1    -211   23    0.456   -1.484    4.398    4.666    0.140
   32 pi0           1     111   23    0.765   -0.736    3.657    3.810    0.135
   33 K+            1     321   27   -0.402   -0.058   21.731   21.740    0.494
   34 pi-           1    -211   27   -0.279    0.075   43.138   43.139    0.140
 ==============================================================================
                   sum:  2.00         0.000    0.000  792.480  847.521  300.444



                            Event listing (summary)

    I particle/jet KS     KF  orig    p_x      p_y      p_z       E        m

    1 !p+!         21    2212    0    0.000    0.000  820.000  820.001    0.938
    2 !e+!         21     -11    0    0.000    0.000  -27.520   27.520    0.001
 ==============================================================================
    3 !ubar!       21      -2    1    0.419   -0.087   68.433   68.434    0.000
    4 !e+!         21     -11    2    0.000    0.000  -27.519   27.519    0.000
    5 !ubar!       21      -2    3    0.419   -0.087   68.433   68.434    0.000
    6 !e+!         21     -11    4    0.000    0.000  -27.519   27.519    0.000
    7 !ubar!       21      -2    0   16.308    0.136   59.440   61.637    0.004
    8 !e+!         21     -11    0   -0.487    1.362   -9.228    9.341    0.001
    9 !mu-!        21      13    0   -3.680    4.604  -10.101   11.695    0.106
   10 !mu+!        21     -13    0  -11.722   -6.189    0.803   13.280    0.106
 ==============================================================================
   11 e+            1     -11    8   -0.487    1.362   -9.228    9.341    0.001
   12 mu-           1      13    9   -3.680    4.604  -10.101   11.695    0.106
   13 gamma         1      22    4    0.000    0.000    0.000    0.000    0.000
   14 mu+           1     -13   10  -11.633   -6.142    0.797   13.179    0.106
   15 p+            1    2212    1   -0.530    0.043  522.945  522.946    0.938
   16 gamma         1      22    2    0.000    0.000    0.000    0.000    0.000
   17 (ubar)    A  12      -2    7    9.365    0.748   27.596   29.151    0.004
   18 (g)       I  12      21    7    6.855   -0.659   31.851   32.586    0.000
   19 (u)       V  11       2    1    0.111    0.044  228.622  228.622    0.004
 ==============================================================================
   20 (string)     11      92   17   16.330    0.133  288.068  290.359   32.536
   21 (omega)      11     223   20    2.636    0.367    9.043    9.459    0.783
   22 pbar-         1   -2212   20    9.078    0.160   30.165   31.516    0.938
   23 p+            1    2212   20    1.252   -0.259    7.401    7.569    0.938
   24 pi0           1     111   20    1.444   -0.450    7.737    7.885    0.135
   25 pi-           1    -211   20    0.028    0.086    1.155    1.167    0.140
   26 eta           1     221   20    0.200   -0.334    7.319    7.350    0.547
   27 pi+           1     211   20    1.046    0.055    4.160    4.292    0.140
   28 pi0           1     111   20    0.739    0.518   14.873   14.901    0.135
   29 pi-           1    -211   20   -0.204    0.094    9.809    9.812    0.140
   30 (rho+)       11     213   20    0.110   -0.105  196.404  196.407    0.942
   31 pi-           1    -211   21    1.256    0.022    4.532    4.705    0.140
   32 pi+           1     211   21    0.861    0.326    3.310    3.438    0.140
   33 pi0           1     111   21    0.520    0.019    1.201    1.316    0.135
   34 pi+           1     211   30   -0.353    0.143   73.028   73.029    0.140
   35 pi0           1     111   30    0.462   -0.249  123.377  123.378    0.135
 ==============================================================================
                   sum:  2.00         0.000    0.000  792.480  847.521  300.444



                            Event listing (summary)

    I particle/jet KS     KF  orig    p_x      p_y      p_z       E        m

    1 !p+!         21    2212    0    0.000    0.000  820.000  820.001    0.938
    2 !e+!         21     -11    0    0.000    0.000  -27.520   27.520    0.001
 ==============================================================================
    3 !u!          21       2    1   -1.073   -0.467   88.166   88.174    0.000
    4 !e+!         21     -11    2    0.000    0.000  -27.515   27.515    0.000
    5 !u!          21       2    3   -1.073   -0.467   88.166   88.174    0.000
    6 !e+!         21     -11    4    0.001   -0.012  -25.272   25.272    0.000
    7 !u!          21       2    0    9.144   13.153   51.056   53.510    0.004
    8 !e+!         21     -11    0   -6.186    3.917  -14.599   16.332    0.001
    9 !mu-!        21      13    0    8.012    4.718    8.258   12.436    0.106
   10 !mu+!        21     -13    0  -12.042  -22.269   18.178   31.167    0.106
 ==============================================================================
   11 e+            1     -11    8   -6.186    3.917  -14.599   16.332    0.001
   12 mu-           1      13    9    8.012    4.718    8.258   12.436    0.106
   13 mu+           1     -13   10  -12.042  -22.269   18.178   31.167    0.106
   14 gamma         1      22    4   -0.001    0.012   -2.243    2.243    0.000
   15 gamma         1      22    2    0.000    0.000   -0.001    0.001    0.000
   16 (u)       A  12       2    7    9.144   13.153   51.056   53.510    0.004
   17 (ud_0)    V  11    2101    1    1.073    0.467  731.830  731.831    0.579
 ==============================================================================
   18 (string)     11      92   16   10.217   13.621  782.886  785.342   59.672
   19 (rho0)       11     113   18    1.262    2.283    8.300    8.719    0.572
   20 pi0           1     111   18    7.668   10.149   40.849   42.784    0.135
   21 (K*+)        11     323   18   -0.125   -0.105   14.007   14.037    0.901
   22 K-            1    -321   18    0.253    0.473    7.834    7.868    0.494
   23 (rho+)       11     213   18    0.049    0.283   30.844   30.855    0.768
   24 (rho-)       11    -213   18   -0.125    0.035   41.553   41.565    0.963
   25 K+            1     321   18    0.488    0.506   26.486   26.500    0.494
   26 Lambda0       1    3122   18    0.748   -0.003  613.013  613.014    1.116
   27 pi-           1    -211   19    0.568    1.336    5.220    5.420    0.140
   28 pi+           1     211   19    0.694    0.948    3.080    3.300    0.140
   29 (K0)         11     311   21    0.070    0.185    8.846    8.862    0.498
   30 pi+           1     211   21   -0.196   -0.290    5.162    5.175    0.140
   31 pi+           1     211   23   -0.148   -0.191    8.436    8.440    0.140
   32 pi0           1     111   23    0.197    0.474   22.408   22.414    0.135
   33 pi-           1    -211   24   -0.499    0.104   17.455   17.463    0.140
   34 pi0           1     111   24    0.374   -0.070   24.098   24.102    0.135
   35 K_S0          1     310   29    0.070    0.185    8.846    8.862    0.498
 ==============================================================================
                   sum:  2.00         0.000    0.000  792.480  847.521  300.444


 ===> Directory : //grp
==========> END   of SPRING at  1:21(13/ 4/ 0)
  
  
1********* PYSTAT:  Statistics on Number of Events and Cross-sections *********

 ==============================================================================
 I                                  I                            I            I
 I            Subprocess            I      Number of points      I    Sigma   I
 I                                  I                            I            I
 I----------------------------------I----------------------------I    (pb)    I
 I                                  I                            I            I
 I N:o Type                         I    Generated         Tried I            I
 I                                  I                            I            I
 ==============================================================================
 I                                  I                            I            I
 I   0 All included subprocesses    I          100           100 I  5.196D-02 I
 I 308 e+ uu^dd^ss^ -> e+ q m+ m-   I          100           100 I  5.196D-02 I
 I                                  I                            I            I
 ==============================================================================

 ********* Fraction of events that fail fragmentation cuts =  0.00000 *********

  
             ************* << Total Cross-section >> *************
             *                                                   *
             *          ( 5.196186 +- 0.003313 )E-02 pb          *
             *                                                   *
             *****************************************************
  
 Note: IEEE floating-point exception flags raised: 
    Inexact;  Underflow; 
 Nonstandard floating-point mode enabled 
 See the Numerical Computation Guide, ieee_flags(3M), ieee_sun(3M) 
